make.exe all -f C:\Users\ayamu\Desktop\aya\ITI\Cpp\Makefile --print-data-base --no-builtin-variables --no-builtin-rules --question
make: *** No rule to make target 'all'.  Stop.
 
# GNU Make 4.3
# Built for x86_64-pc-msys
# Copyright (C) 1988-2020 Free Software Foundation, Inc.
# License GPLv3+: GNU GPL version 3 or later <http://gnu.org/licenses/gpl.html>
# This is free software: you are free to change and redistribute it.
# There is NO WARRANTY, to the extent permitted by law.
 

# Make data base, printed on Sun Dec 26 22:07:34 2021

# Variables

 
# environment
SYSTEMDRIVE = C:
# environment
LC_ALL = C
# environment
USERPROFILE = C:\Users\ayamu
# environment
LOCALAPPDATA = C:\Users\ayamu\AppData\Local
# environment
VSCODE_IPC_HOOK_EXTHOST = \\.\pipe\vscode-ipc-13c738de-4aa8-4e46-a6bc-f763f1979a60-sock
# environment
VSCODE_CWD = C:\Users\ayamu\AppData\Local\Programs\Microsoft VS Code
# environment
SYSTEMROOT = C:\Windows
# environment
PROCESSOR_LEVEL = 6
# environment
PSMODULEPATH = C:\Program Files\WindowsPowerShell\Modules;C:\Windows\system32\WindowsPowerShell\v1.0\Modules
# default
MAKE_COMMAND := make
# automatic
@D = $(patsubst %/,%,$(dir $@))
# environment
CHROME_CRASHPAD_PIPE_NAME = \\.\pipe\crashpad_7440_BZSJAGLUGDCPNRIJ
# environment
VSCODE_HANDLES_UNCAUGHT_ERRORS = true
# default
.VARIABLES := 
# automatic
%D = $(patsubst %/,%,$(dir $%))
# environment
SW_SIM_HYDRA = C:\Program Files\Common Files\SolidWorks Shared\Simulation Worker Agent\
# automatic
^D = $(patsubst %/,%,$(dir $^))
# environment
VSCODE_LOG_STACK = false
# automatic
%F = $(notdir $%)
# environment
VSCODE_CODE_CACHE_PATH = C:\Users\ayamu\AppData\Roaming\Code\CachedData\899d46d82c4c95423fb7e10e68eba52050e30ba3
# environment
LANG = C
# default
.LOADED := 
# environment
TMP = /c/Users/ayamu/AppData/Local/Temp
# default
.INCLUDE_DIRS = /usr/include /usr/include
# makefile
MAKEFLAGS = pqrR
# environment
ONEDRIVE = C:\Users\ayamu\OneDrive
# makefile
CURDIR := /c/Users/ayamu/Desktop/aya/ITI/Cpp/Assignments/assignment1
# environment
VSCODE_PIPE_LOGGING = true
# environment
APPLICATION_INSIGHTS_NO_DIAGNOSTIC_CHANNEL = true
# automatic
*D = $(patsubst %/,%,$(dir $*))
# environment
PROGRAMFILES = C:\Program Files
# environment
MFLAGS = -pqrR
# default
.SHELLFLAGS := -c
# environment
!C: = c:\Users\ayamu\Desktop\aya\ITI\Cpp\Assignments\assignment1
# environment
COMMONPROGRAMW6432 = C:\Program Files\Common Files
# automatic
+D = $(patsubst %/,%,$(dir $+))
# makefile (from 'C:\Users\ayamu\Desktop\aya\ITI\Cpp\Makefile', line 1)
MAKEFILE_LIST := C:\Users\ayamu\Desktop\aya\ITI\Cpp\Makefile
# automatic
@F = $(notdir $@)
# environment
VSCODE_VERBOSE_LOGGING = true
# environment
VSCODE_PID = 7440
# automatic
?D = $(patsubst %/,%,$(dir $?))
# automatic
*F = $(notdir $*)
# environment
SW_SIM_TEMP = C:\ProgramData\SOLIDWORKS\SW_net_sim_temp\
# automatic
<D = $(patsubst %/,%,$(dir $<))
# environment
VSCODE_NLS_CONFIG = {"locale":"en-us","availableLanguages":{},"_languagePackSupport":true}
# makefile (from 'C:\Users\ayamu\Desktop\aya\ITI\Cpp\Makefile', line 3)
CUR_DIR := $(subst ,, )
# environment
ONEDRIVECONSUMER = C:\Users\ayamu\OneDrive
# default
MAKE_HOST := x86_64-pc-msys
# environment
PROGRAMDATA = C:\ProgramData
# default
SHELL := /bin/sh
# environment
HOMEPATH = \Users\ayamu
# default
MAKECMDGOALS := all
# environment
DRIVERDATA = C:\Windows\System32\Drivers\DriverData
# environment
COMSPEC = C:\Windows\system32\cmd.exe
# environment
WINDIR = C:\Windows
# environment
MAKELEVEL := 0
# default
MAKE = $(MAKE_COMMAND)
# environment
PATH = /c/Program Files (x86)/NVIDIA Corporation/PhysX/Common:/c/Program Files (x86)/Common Files/Oracle/Java/javapath:/c/Windows/system32:/c/Windows:/c/Windows/System32/Wbem:/c/Windows/System32/WindowsPowerShell/v1.0:/c/Windows/System32/OpenSSH:/c/Program Files (x86)/Windows Kits/8.1/Windows Performance Toolkit:/c/Program Files/MATLAB/R2018b/runtime/win64:/c/Program Files/MATLAB/R2018b/bin:/c/Program Files/Git/cmd:/c/Users/ayamu/AppData/Local/Microsoft/WindowsApps:/c/Users/ayamu/AppData/Local/Programs/Microsoft VS Code/bin:/mingw64/bin:/usr/bin
# environment
COMPUTERNAME = AYA
# default
MAKEFILES := 
# automatic
^F = $(notdir $^)
# environment
SW_SIM_MPIT = INTELMPI
# environment
PROMPT = $P$G
# environment
LOGONSERVER = \\AYA
# environment
VSCODE_LOG_NATIVE = false
# environment
USERNAME = ayamu
# environment
COMMONPROGRAMFILES = C:\Program Files\Common Files
# automatic
?F = $(notdir $?)
# environment
PROGRAMW6432 = C:\Program Files
# environment
PATHEXT = .COM;.EXE;.BAT;.CMD;.VBS;.VBE;.JS;.JSE;.WSF;.WSH;.MSC
# automatic
+F = $(notdir $+)
# environment
ORIGINAL_XDG_CURRENT_DESKTOP = undefined
# environment
USERDOMAIN = AYA
# 'override' directive
GNUMAKEFLAGS := 
# environment
OS = Windows_NT
# makefile
.DEFAULT_GOAL := build
# default
MAKE_VERSION := 4.3
# environment
PROGRAMFILES(X86) = C:\Program Files (x86)
# makefile (from 'C:\Users\ayamu\Desktop\aya\ITI\Cpp\Makefile', line 11)
LDFLAGS = -Wl,-Map,$(OUT_FILE_NAME).map,--print-memory-usage
# environment
USERDOMAIN_ROAMINGPROFILE = AYA
# environment
NUMBER_OF_PROCESSORS = 4
# environment
PUBLIC = C:\Users\Public
# environment
APPDATA = C:\Users\ayamu\AppData\Roaming
 
# makefile (from 'C:\Users\ayamu\Desktop\aya\ITI\Cpp\Makefile', line 10)
CFLAGS = -fdiagnostics-color=always -Wall
 
# environment
 
HOMEDRIVE = C:
# environment
PROCESSOR_ARCHITECTURE = AMD64
# environment
VSCODE_AMD_ENTRYPOINT = vs/workbench/services/extensions/node/extensionHostProcess
# makefile (from 'C:\Users\ayamu\Desktop\aya\ITI\Cpp\Makefile', line 5)
SW_DIR = $(CUR_DIR)
# environment
HOME = /home/ayamu
# environment
COMMONPROGRAMFILES(X86) = C:\Program Files (x86)\Common Files
# environment
ELECTRON_RUN_AS_NODE = 1
# environment
TEMP = /c/Users/ayamu/AppData/Local/Temp
# environment
VSCODE_IPC_HOOK = \\.\pipe\20b0a6c3894439ae8498bfc259146517-1.63.2-main-sock
# environment
TERM = xterm-256color
# default
.RECIPEPREFIX := 
# automatic
<F = $(notdir $<)
# default
SUFFIXES := 
# environment
ALLUSERSPROFILE = C:\ProgramData
# makefile (from 'C:\Users\ayamu\Desktop\aya\ITI\Cpp\Makefile', line 7)
OUT_FILE_NAME = out
# environment
SESSIONNAME = Console
# default
.FEATURES := target-specific order-only second-expansion else-if shortest-stem undefine oneshell nocomment grouped-target extra-prereqs archives jobserver output-sync check-symlink load
# environment
PROCESSOR_REVISION = 3d04
# makefile (from 'C:\Users\ayamu\Desktop\aya\ITI\Cpp\Makefile', line 9)
CC = g++
# environment
PROCESSOR_IDENTIFIER = Intel64 Family 6 Model 61 Stepping 4, GenuineIntel
# variable set hash-table stats:
# Load=104/1024=10%, Rehash=0, Collisions=13/132=10%

# Pattern-specific Variable Values

# No pattern-specific variable values.

# Directories


 
# No files, no impossibilities in 0 directories.

# Implicit Rules

# No implicit rules.

# Files

clean:
#  Phony target (prerequisite of .PHONY).
#  Implicit rule search has not been done.
#  File does not exist.
#  File has not been updated.
#  recipe to execute (from 'C:\Users\ayamu\Desktop\aya\ITI\Cpp\Makefile', line 19):
		@echo "Cleaning ....."
		@rm -f *.exe *.o *.map
		@echo "############# Done #############"

# Not a target:
.DEFAULT:
#  Implicit rule search has not been done.
#  Modification time never checked.
#  File has not been updated.

# Not a target:
all:
#  Command line target.
#  Implicit rule search has been done.
#  File does not exist.
#  File has not been updated.

run:
#  Phony target (prerequisite of .PHONY).
#  Implicit rule search has not been done.
#  File does not exist.
#  File has not been updated.
#  recipe to execute (from 'C:\Users\ayamu\Desktop\aya\ITI\Cpp\Makefile', line 26):
	@./$(OUT_FILE_NAME).exe

build:
#  Phony target (prerequisite of .PHONY).
#  Implicit rule search has not been done.
#  File does not exist.
#  File has not been updated.
#  recipe to execute (from 'C:\Users\ayamu\Desktop\aya\ITI\Cpp\Makefile', line 15):
		@echo "Building ....."
		@$(CC) $(CFLAGS) $(SW_DIR)\*.c* -o $(SW_DIR)\$(OUT_FILE_NAME).exe $(LDFLAGS)
		@echo "############# Done #############"

rebuild: clean build
#  Phony target (prerequisite of .PHONY).
#  Implicit rule search has not been done.
#  File does not exist.
#  File has not been updated.

# Not a target:
C:\Users\ayamu\Desktop\aya\ITI\Cpp\Makefile:
#  Implicit rule search has been done.
#  Last modified 2021-12-10 23:49:03.9956547
#  File has been updated.
#  Successfully updated.

.PHONY: build clean rebuild run
#  Implicit rule search has not been done.
#  Modification time never checked.
#  File has not been updated.

# files hash-table stats:
# Load=9/1024=1%, Rehash=0, Collisions=0/25=0%
# VPATH Search Paths

# No 'vpath' search paths.

# No general ('VPATH' variable) search path.

# strcache buffers: 1 (0) / strings = 10 / storage = 111 B / avg = 11 B
# current buf: size = 8162 B / used = 111 B / count = 10 / avg = 11 B

# strcache performance: lookups = 24 / hit rate = 58%
# hash-table stats:
# Load=10/8192=0%, Rehash=0, Collisions=0/24=0%
# Finished Make data base on Sun Dec 26 22:07:35 2021

 
